# JRE version: OpenJDK Runtime Environment Temurin-17.0.2+8 (17.0.2+8) (build 17.0.2+8)
# Java VM: OpenJDK 64-Bit Server VM Temurin-17.0.2+8 (17.0.2+8, mixed mode, emulated-client, tiered, compressed oops, compressed class ptrs, g1 gc, windows-amd64)
GC Precious Log:
 CPUs: 12 total, 12 available
 Memory: 16294M
 Large Page Support: Disabled
 NUMA Support: Disabled
 Compressed Oops: Enabled (Zero based)
 Heap Region Size: 2M
 Heap Min Capacity: 8M
 Heap Initial Capacity: 256M
 Heap Max Capacity: 4074M
 Pre-touch: Disabled
 Parallel Workers: 10
 Concurrent Workers: 3
 Concurrent Refinement Workers: 10
 Periodic GC: Disabled
Heap:
 garbage-first heap   total 69632K, used 19354K [0x0000000701600000, 0x0000000800000000)
  region size 2048K, 1 young (2048K), 0 survivors (0K)
 Metaspace       used 40176K, committed 40640K, reserved 1089536K
  class space    used 5114K, committed 5312K, reserved 1048576K
GC Heap History (20 events):
Event: 258379.749 GC heap before
{Heap before GC invocations=14724 (full 14695):
 garbage-first heap   total 69632K, used 19354K [0x0000000701600000, 0x0000000800000000)
  region size 2048K, 1 young (2048K), 0 survivors (0K)
 Metaspace       used 40176K, committed 40640K, reserved 1089536K
  class space    used 5114K, committed 5312K, reserved 1048576K
}
Event: 258379.774 GC heap after
{Heap after GC invocations=14725 (full 14696):
 garbage-first heap   total 69632K, used 19354K [0x0000000701600000, 0x0000000800000000)
  region size 2048K, 0 young (0K), 0 survivors (0K)
 Metaspace       used 40176K, committed 40640K, reserved 1089536K
  class space    used 5114K, committed 5312K, reserved 1048576K
}
Event: 258389.942 GC heap before
{Heap before GC invocations=14725 (full 14696):
 garbage-first heap   total 69632K, used 19354K [0x0000000701600000, 0x0000000800000000)
  region size 2048K, 1 young (2048K), 0 survivors (0K)
 Metaspace       used 40176K, committed 40640K, reserved 1089536K
  class space    used 5114K, committed 5312K, reserved 1048576K
}
Event: 258389.965 GC heap after
{Heap after GC invocations=14726 (full 14697):
 garbage-first heap   total 69632K, used 19354K [0x0000000701600000, 0x0000000800000000)
  region size 2048K, 0 young (0K), 0 survivors (0K)
 Metaspace       used 40176K, committed 40640K, reserved 1089536K
  class space    used 5114K, committed 5312K, reserved 1048576K
}
Event: 258400.129 GC heap before
{Heap before GC invocations=14726 (full 14697):
 garbage-first heap   total 69632K, used 19354K [0x0000000701600000, 0x0000000800000000)
  region size 2048K, 1 young (2048K), 0 survivors (0K)
 Metaspace       used 40176K, committed 40640K, reserved 1089536K
  class space    used 5114K, committed 5312K, reserved 1048576K
}
Event: 258400.157 GC heap after
{Heap after GC invocations=14727 (full 14698):
 garbage-first heap   total 69632K, used 19354K [0x0000000701600000, 0x0000000800000000)
  region size 2048K, 0 young (0K), 0 survivors (0K)
 Metaspace       used 40176K, committed 40640K, reserved 1089536K
  class space    used 5114K, committed 5312K, reserved 1048576K
}
Event: 258410.345 GC heap before
{Heap before GC invocations=14727 (full 14698):
 garbage-first heap   total 69632K, used 19354K [0x0000000701600000, 0x0000000800000000)
  region size 2048K, 1 young (2048K), 0 survivors (0K)
 Metaspace       used 40176K, committed 40640K, reserved 1089536K
  class space    used 5114K, committed 5312K, reserved 1048576K
}
Event: 258410.371 GC heap after
{Heap after GC invocations=14728 (full 14699):
 garbage-first heap   total 69632K, used 19354K [0x0000000701600000, 0x0000000800000000)
  region size 2048K, 0 young (0K), 0 survivors (0K)
 Metaspace       used 40176K, committed 40640K, reserved 1089536K
  class space    used 5114K, committed 5312K, reserved 1048576K
}
Event: 258420.562 GC heap before
{Heap before GC invocations=14728 (full 14699):
 garbage-first heap   total 69632K, used 19354K [0x0000000701600000, 0x0000000800000000)
  region size 2048K, 1 young (2048K), 0 survivors (0K)
 Metaspace       used 40176K, committed 40640K, reserved 1089536K
  class space    used 5114K, committed 5312K, reserved 1048576K
}
Event: 258420.595 GC heap after
{Heap after GC invocations=14729 (full 14700):
 garbage-first heap   total 69632K, used 19354K [0x0000000701600000, 0x0000000800000000)
  region size 2048K, 0 young (0K), 0 survivors (0K)
 Metaspace       used 40176K, committed 40640K, reserved 1089536K
  class space    used 5114K, committed 5312K, reserved 1048576K
}
Event: 258430.786 GC heap before
{Heap before GC invocations=14729 (full 14700):
 garbage-first heap   total 69632K, used 19354K [0x0000000701600000, 0x0000000800000000)
  region size 2048K, 1 young (2048K), 0 survivors (0K)
 Metaspace       used 40176K, committed 40640K, reserved 1089536K
  class space    used 5114K, committed 5312K, reserved 1048576K
}
Event: 258430.808 GC heap after
{Heap after GC invocations=14730 (full 14701):
 garbage-first heap   total 69632K, used 19354K [0x0000000701600000, 0x0000000800000000)
  region size 2048K, 0 young (0K), 0 survivors (0K)
 Metaspace       used 40176K, committed 40640K, reserved 1089536K
  class space    used 5114K, committed 5312K, reserved 1048576K
}
Event: 258440.982 GC heap before
{Heap before GC invocations=14730 (full 14701):
 garbage-first heap   total 69632K, used 19354K [0x0000000701600000, 0x0000000800000000)
  region size 2048K, 1 young (2048K), 0 survivors (0K)
 Metaspace       used 40176K, committed 40640K, reserved 1089536K
  class space    used 5114K, committed 5312K, reserved 1048576K
}
Event: 258441.005 GC heap after
{Heap after GC invocations=14731 (full 14702):
 garbage-first heap   total 69632K, used 19354K [0x0000000701600000, 0x0000000800000000)
  region size 2048K, 0 young (0K), 0 survivors (0K)
 Metaspace       used 40176K, committed 40640K, reserved 1089536K
  class space    used 5114K, committed 5312K, reserved 1048576K
}
Event: 258451.192 GC heap before
{Heap before GC invocations=14731 (full 14702):
 garbage-first heap   total 69632K, used 19354K [0x0000000701600000, 0x0000000800000000)
  region size 2048K, 1 young (2048K), 0 survivors (0K)
 Metaspace       used 40176K, committed 40640K, reserved 1089536K
  class space    used 5114K, committed 5312K, reserved 1048576K
}
Event: 258451.215 GC heap after
{Heap after GC invocations=14732 (full 14703):
 garbage-first heap   total 69632K, used 19354K [0x0000000701600000, 0x0000000800000000)
  region size 2048K, 0 young (0K), 0 survivors (0K)
 Metaspace       used 40176K, committed 40640K, reserved 1089536K
  class space    used 5114K, committed 5312K, reserved 1048576K
}
Event: 258461.387 GC heap before
{Heap before GC invocations=14732 (full 14703):
 garbage-first heap   total 69632K, used 19354K [0x0000000701600000, 0x0000000800000000)
  region size 2048K, 1 young (2048K), 0 survivors (0K)
 Metaspace       used 40176K, committed 40640K, reserved 1089536K
  class space    used 5114K, committed 5312K, reserved 1048576K
}
Event: 258461.410 GC heap after
{Heap after GC invocations=14733 (full 14704):
 garbage-first heap   total 69632K, used 19354K [0x0000000701600000, 0x0000000800000000)
  region size 2048K, 0 young (0K), 0 survivors (0K)
 Metaspace       used 40176K, committed 40640K, reserved 1089536K
  class space    used 5114K, committed 5312K, reserved 1048576K
}
Event: 258471.577 GC heap before
{Heap before GC invocations=14733 (full 14704):
 garbage-first heap   total 69632K, used 19354K [0x0000000701600000, 0x0000000800000000)
  region size 2048K, 1 young (2048K), 0 survivors (0K)
 Metaspace       used 40176K, committed 40640K, reserved 1089536K
  class space    used 5114K, committed 5312K, reserved 1048576K
}
Event: 258471.601 GC heap after
{Heap after GC invocations=14734 (full 14705):
 garbage-first heap   total 69632K, used 19354K [0x0000000701600000, 0x0000000800000000)
  region size 2048K, 0 young (0K), 0 survivors (0K)
 Metaspace       used 40176K, committed 40640K, reserved 1089536K
  class space    used 5114K, committed 5312K, reserved 1048576K
}

